
*** Running vivado
    with args -log q1.vds -m64 -product Vivado -mode batch -messageDb vivado.pb -notrace -source q1.tcl


****** Vivado v2016.3 (64-bit)
  **** SW Build 1682563 on Mon Oct 10 19:07:27 MDT 2016
  **** IP Build 1681267 on Mon Oct 10 21:28:31 MDT 2016
    ** Copyright 1986-2016 Xilinx, Inc. All Rights Reserved.

source q1.tcl -notrace
Command: synth_design -top q1 -part xc7a35ticpg236-1L
Starting synth_design
Attempting to get a license for feature 'Synthesis' and/or device 'xc7a35ti'
INFO: [Common 17-349] Got license for feature 'Synthesis' and/or device 'xc7a35ti'
INFO: Launching helper process for spawning children vivado processes
INFO: Helper process launched with PID 13008 
---------------------------------------------------------------------------------
Starting RTL Elaboration : Time (s): cpu = 00:00:05 ; elapsed = 00:00:07 . Memory (MB): peak = 320.918 ; gain = 110.820
---------------------------------------------------------------------------------
INFO: [Synth 8-638] synthesizing module 'q1' [C:/Users/student/Desktop/lab4/ceng2010_lab4_q1/ceng2010_lab4_q1.srcs/sources_1/new/q1.vhd:42]
INFO: [Synth 8-256] done synthesizing module 'q1' (1#1) [C:/Users/student/Desktop/lab4/ceng2010_lab4_q1/ceng2010_lab4_q1.srcs/sources_1/new/q1.vhd:42]
---------------------------------------------------------------------------------
Finished RTL Elaboration : Time (s): cpu = 00:00:05 ; elapsed = 00:00:08 . Memory (MB): peak = 358.211 ; gain = 148.113
---------------------------------------------------------------------------------

Report Check Netlist: 
+------+------------------+-------+---------+-------+------------------+
|      |Item              |Errors |Warnings |Status |Description       |
+------+------------------+-------+---------+-------+------------------+
|1     |multi_driven_nets |      0|        0|Passed |Multi driven nets |
+------+------------------+-------+---------+-------+------------------+
---------------------------------------------------------------------------------
Finished RTL Optimization Phase 1 : Time (s): cpu = 00:00:06 ; elapsed = 00:00:08 . Memory (MB): peak = 358.211 ; gain = 148.113
---------------------------------------------------------------------------------
INFO: [Device 21-403] Loading part xc7a35ticpg236-1L
INFO: [Project 1-570] Preparing netlist for logic optimization

Processing XDC Constraints
Initializing timing engine
Parsing XDC File [C:/Users/student/Desktop/lab4/ceng2010_lab4_q1/ceng2010_lab4_q1.srcs/constrs_1/imports/lab4/basys3_lab02-05.xdc]
CRITICAL WARNING: [Netlist 29-177] Cannot set property 'BITSTREAM.General.UnconstraintedPins' because the property does not exist. [C:/Users/student/Desktop/lab4/ceng2010_lab4_q1/ceng2010_lab4_q1.srcs/constrs_1/imports/lab4/basys3_lab02-05.xdc:12]
Resolution: Create this property using create_property command before setting it.
WARNING: [Vivado 12-507] No nets matched 'led_OBUF[0]'. [C:/Users/student/Desktop/lab4/ceng2010_lab4_q1/ceng2010_lab4_q1.srcs/constrs_1/imports/lab4/basys3_lab02-05.xdc:14]
CRITICAL WARNING: [Common 17-55] 'set_property' expects at least one object. [C:/Users/student/Desktop/lab4/ceng2010_lab4_q1/ceng2010_lab4_q1.srcs/constrs_1/imports/lab4/basys3_lab02-05.xdc:14]
Resolution: If [get_<value>] was used to populate the object, check to make sure this command returns at least one valid object.
WARNING: [Vivado 12-507] No nets matched 'led_OBUF[1]'. [C:/Users/student/Desktop/lab4/ceng2010_lab4_q1/ceng2010_lab4_q1.srcs/constrs_1/imports/lab4/basys3_lab02-05.xdc:15]
CRITICAL WARNING: [Common 17-55] 'set_property' expects at least one object. [C:/Users/student/Desktop/lab4/ceng2010_lab4_q1/ceng2010_lab4_q1.srcs/constrs_1/imports/lab4/basys3_lab02-05.xdc:15]
Resolution: If [get_<value>] was used to populate the object, check to make sure this command returns at least one valid object.
WARNING: [Vivado 12-507] No nets matched 'btnC_IBUF'. [C:/Users/student/Desktop/lab4/ceng2010_lab4_q1/ceng2010_lab4_q1.srcs/constrs_1/imports/lab4/basys3_lab02-05.xdc:17]
CRITICAL WARNING: [Common 17-55] 'set_property' expects at least one object. [C:/Users/student/Desktop/lab4/ceng2010_lab4_q1/ceng2010_lab4_q1.srcs/constrs_1/imports/lab4/basys3_lab02-05.xdc:17]
Resolution: If [get_<value>] was used to populate the object, check to make sure this command returns at least one valid object.
WARNING: [Vivado 12-507] No nets matched 'sw_IBUF[0]'. [C:/Users/student/Desktop/lab4/ceng2010_lab4_q1/ceng2010_lab4_q1.srcs/constrs_1/imports/lab4/basys3_lab02-05.xdc:18]
CRITICAL WARNING: [Common 17-55] 'set_property' expects at least one object. [C:/Users/student/Desktop/lab4/ceng2010_lab4_q1/ceng2010_lab4_q1.srcs/constrs_1/imports/lab4/basys3_lab02-05.xdc:18]
Resolution: If [get_<value>] was used to populate the object, check to make sure this command returns at least one valid object.
WARNING: [Vivado 12-507] No nets matched 'sw_IBUF[1]'. [C:/Users/student/Desktop/lab4/ceng2010_lab4_q1/ceng2010_lab4_q1.srcs/constrs_1/imports/lab4/basys3_lab02-05.xdc:19]
CRITICAL WARNING: [Common 17-55] 'set_property' expects at least one object. [C:/Users/student/Desktop/lab4/ceng2010_lab4_q1/ceng2010_lab4_q1.srcs/constrs_1/imports/lab4/basys3_lab02-05.xdc:19]
Resolution: If [get_<value>] was used to populate the object, check to make sure this command returns at least one valid object.
WARNING: [Vivado 12-507] No nets matched 'sw_IBUF[2]'. [C:/Users/student/Desktop/lab4/ceng2010_lab4_q1/ceng2010_lab4_q1.srcs/constrs_1/imports/lab4/basys3_lab02-05.xdc:20]
CRITICAL WARNING: [Common 17-55] 'set_property' expects at least one object. [C:/Users/student/Desktop/lab4/ceng2010_lab4_q1/ceng2010_lab4_q1.srcs/constrs_1/imports/lab4/basys3_lab02-05.xdc:20]
Resolution: If [get_<value>] was used to populate the object, check to make sure this command returns at least one valid object.
WARNING: [Vivado 12-507] No nets matched 'sw_IBUF[3]'. [C:/Users/student/Desktop/lab4/ceng2010_lab4_q1/ceng2010_lab4_q1.srcs/constrs_1/imports/lab4/basys3_lab02-05.xdc:21]
CRITICAL WARNING: [Common 17-55] 'set_property' expects at least one object. [C:/Users/student/Desktop/lab4/ceng2010_lab4_q1/ceng2010_lab4_q1.srcs/constrs_1/imports/lab4/basys3_lab02-05.xdc:21]
Resolution: If [get_<value>] was used to populate the object, check to make sure this command returns at least one valid object.
WARNING: [Vivado 12-584] No ports matched 'sw[1]'. [C:/Users/student/Desktop/lab4/ceng2010_lab4_q1/ceng2010_lab4_q1.srcs/constrs_1/imports/lab4/basys3_lab02-05.xdc:26]
CRITICAL WARNING: [Common 17-55] 'set_property' expects at least one object. [C:/Users/student/Desktop/lab4/ceng2010_lab4_q1/ceng2010_lab4_q1.srcs/constrs_1/imports/lab4/basys3_lab02-05.xdc:26]
Resolution: If [get_<value>] was used to populate the object, check to make sure this command returns at least one valid object.
WARNING: [Vivado 12-584] No ports matched 'sw[1]'. [C:/Users/student/Desktop/lab4/ceng2010_lab4_q1/ceng2010_lab4_q1.srcs/constrs_1/imports/lab4/basys3_lab02-05.xdc:27]
CRITICAL WARNING: [Common 17-55] 'set_property' expects at least one object. [C:/Users/student/Desktop/lab4/ceng2010_lab4_q1/ceng2010_lab4_q1.srcs/constrs_1/imports/lab4/basys3_lab02-05.xdc:27]
Resolution: If [get_<value>] was used to populate the object, check to make sure this command returns at least one valid object.
WARNING: [Vivado 12-584] No ports matched 'sw[2]'. [C:/Users/student/Desktop/lab4/ceng2010_lab4_q1/ceng2010_lab4_q1.srcs/constrs_1/imports/lab4/basys3_lab02-05.xdc:28]
CRITICAL WARNING: [Common 17-55] 'set_property' expects at least one object. [C:/Users/student/Desktop/lab4/ceng2010_lab4_q1/ceng2010_lab4_q1.srcs/constrs_1/imports/lab4/basys3_lab02-05.xdc:28]
Resolution: If [get_<value>] was used to populate the object, check to make sure this command returns at least one valid object.
WARNING: [Vivado 12-584] No ports matched 'sw[2]'. [C:/Users/student/Desktop/lab4/ceng2010_lab4_q1/ceng2010_lab4_q1.srcs/constrs_1/imports/lab4/basys3_lab02-05.xdc:29]
CRITICAL WARNING: [Common 17-55] 'set_property' expects at least one object. [C:/Users/student/Desktop/lab4/ceng2010_lab4_q1/ceng2010_lab4_q1.srcs/constrs_1/imports/lab4/basys3_lab02-05.xdc:29]
Resolution: If [get_<value>] was used to populate the object, check to make sure this command returns at least one valid object.
WARNING: [Vivado 12-584] No ports matched 'sw[3]'. [C:/Users/student/Desktop/lab4/ceng2010_lab4_q1/ceng2010_lab4_q1.srcs/constrs_1/imports/lab4/basys3_lab02-05.xdc:30]
CRITICAL WARNING: [Common 17-55] 'set_property' expects at least one object. [C:/Users/student/Desktop/lab4/ceng2010_lab4_q1/ceng2010_lab4_q1.srcs/constrs_1/imports/lab4/basys3_lab02-05.xdc:30]
Resolution: If [get_<value>] was used to populate the object, check to make sure this command returns at least one valid object.
WARNING: [Vivado 12-584] No ports matched 'sw[3]'. [C:/Users/student/Desktop/lab4/ceng2010_lab4_q1/ceng2010_lab4_q1.srcs/constrs_1/imports/lab4/basys3_lab02-05.xdc:31]
CRITICAL WARNING: [Common 17-55] 'set_property' expects at least one object. [C:/Users/student/Desktop/lab4/ceng2010_lab4_q1/ceng2010_lab4_q1.srcs/constrs_1/imports/lab4/basys3_lab02-05.xdc:31]
Resolution: If [get_<value>] was used to populate the object, check to make sure this command returns at least one valid object.
WARNING: [Vivado 12-584] No ports matched 'sw[4]'. [C:/Users/student/Desktop/lab4/ceng2010_lab4_q1/ceng2010_lab4_q1.srcs/constrs_1/imports/lab4/basys3_lab02-05.xdc:32]
CRITICAL WARNING: [Common 17-55] 'set_property' expects at least one object. [C:/Users/student/Desktop/lab4/ceng2010_lab4_q1/ceng2010_lab4_q1.srcs/constrs_1/imports/lab4/basys3_lab02-05.xdc:32]
Resolution: If [get_<value>] was used to populate the object, check to make sure this command returns at least one valid object.
WARNING: [Vivado 12-584] No ports matched 'sw[4]'. [C:/Users/student/Desktop/lab4/ceng2010_lab4_q1/ceng2010_lab4_q1.srcs/constrs_1/imports/lab4/basys3_lab02-05.xdc:33]
CRITICAL WARNING: [Common 17-55] 'set_property' expects at least one object. [C:/Users/student/Desktop/lab4/ceng2010_lab4_q1/ceng2010_lab4_q1.srcs/constrs_1/imports/lab4/basys3_lab02-05.xdc:33]
Resolution: If [get_<value>] was used to populate the object, check to make sure this command returns at least one valid object.
WARNING: [Vivado 12-584] No ports matched 'sw[5]'. [C:/Users/student/Desktop/lab4/ceng2010_lab4_q1/ceng2010_lab4_q1.srcs/constrs_1/imports/lab4/basys3_lab02-05.xdc:34]
CRITICAL WARNING: [Common 17-55] 'set_property' expects at least one object. [C:/Users/student/Desktop/lab4/ceng2010_lab4_q1/ceng2010_lab4_q1.srcs/constrs_1/imports/lab4/basys3_lab02-05.xdc:34]
Resolution: If [get_<value>] was used to populate the object, check to make sure this command returns at least one valid object.
WARNING: [Vivado 12-584] No ports matched 'sw[5]'. [C:/Users/student/Desktop/lab4/ceng2010_lab4_q1/ceng2010_lab4_q1.srcs/constrs_1/imports/lab4/basys3_lab02-05.xdc:35]
CRITICAL WARNING: [Common 17-55] 'set_property' expects at least one object. [C:/Users/student/Desktop/lab4/ceng2010_lab4_q1/ceng2010_lab4_q1.srcs/constrs_1/imports/lab4/basys3_lab02-05.xdc:35]
Resolution: If [get_<value>] was used to populate the object, check to make sure this command returns at least one valid object.
WARNING: [Vivado 12-584] No ports matched 'sw[6]'. [C:/Users/student/Desktop/lab4/ceng2010_lab4_q1/ceng2010_lab4_q1.srcs/constrs_1/imports/lab4/basys3_lab02-05.xdc:36]
CRITICAL WARNING: [Common 17-55] 'set_property' expects at least one object. [C:/Users/student/Desktop/lab4/ceng2010_lab4_q1/ceng2010_lab4_q1.srcs/constrs_1/imports/lab4/basys3_lab02-05.xdc:36]
Resolution: If [get_<value>] was used to populate the object, check to make sure this command returns at least one valid object.
WARNING: [Vivado 12-584] No ports matched 'sw[6]'. [C:/Users/student/Desktop/lab4/ceng2010_lab4_q1/ceng2010_lab4_q1.srcs/constrs_1/imports/lab4/basys3_lab02-05.xdc:37]
CRITICAL WARNING: [Common 17-55] 'set_property' expects at least one object. [C:/Users/student/Desktop/lab4/ceng2010_lab4_q1/ceng2010_lab4_q1.srcs/constrs_1/imports/lab4/basys3_lab02-05.xdc:37]
Resolution: If [get_<value>] was used to populate the object, check to make sure this command returns at least one valid object.
WARNING: [Vivado 12-584] No ports matched 'sw[7]'. [C:/Users/student/Desktop/lab4/ceng2010_lab4_q1/ceng2010_lab4_q1.srcs/constrs_1/imports/lab4/basys3_lab02-05.xdc:38]
CRITICAL WARNING: [Common 17-55] 'set_property' expects at least one object. [C:/Users/student/Desktop/lab4/ceng2010_lab4_q1/ceng2010_lab4_q1.srcs/constrs_1/imports/lab4/basys3_lab02-05.xdc:38]
Resolution: If [get_<value>] was used to populate the object, check to make sure this command returns at least one valid object.
WARNING: [Vivado 12-584] No ports matched 'sw[7]'. [C:/Users/student/Desktop/lab4/ceng2010_lab4_q1/ceng2010_lab4_q1.srcs/constrs_1/imports/lab4/basys3_lab02-05.xdc:39]
CRITICAL WARNING: [Common 17-55] 'set_property' expects at least one object. [C:/Users/student/Desktop/lab4/ceng2010_lab4_q1/ceng2010_lab4_q1.srcs/constrs_1/imports/lab4/basys3_lab02-05.xdc:39]
Resolution: If [get_<value>] was used to populate the object, check to make sure this command returns at least one valid object.
WARNING: [Vivado 12-584] No ports matched 'seg[0]'. [C:/Users/student/Desktop/lab4/ceng2010_lab4_q1/ceng2010_lab4_q1.srcs/constrs_1/imports/lab4/basys3_lab02-05.xdc:94]
CRITICAL WARNING: [Common 17-55] 'set_property' expects at least one object. [C:/Users/student/Desktop/lab4/ceng2010_lab4_q1/ceng2010_lab4_q1.srcs/constrs_1/imports/lab4/basys3_lab02-05.xdc:94]
Resolution: If [get_<value>] was used to populate the object, check to make sure this command returns at least one valid object.
WARNING: [Vivado 12-584] No ports matched 'seg[0]'. [C:/Users/student/Desktop/lab4/ceng2010_lab4_q1/ceng2010_lab4_q1.srcs/constrs_1/imports/lab4/basys3_lab02-05.xdc:95]
CRITICAL WARNING: [Common 17-55] 'set_property' expects at least one object. [C:/Users/student/Desktop/lab4/ceng2010_lab4_q1/ceng2010_lab4_q1.srcs/constrs_1/imports/lab4/basys3_lab02-05.xdc:95]
Resolution: If [get_<value>] was used to populate the object, check to make sure this command returns at least one valid object.
WARNING: [Vivado 12-584] No ports matched 'seg[1]'. [C:/Users/student/Desktop/lab4/ceng2010_lab4_q1/ceng2010_lab4_q1.srcs/constrs_1/imports/lab4/basys3_lab02-05.xdc:96]
CRITICAL WARNING: [Common 17-55] 'set_property' expects at least one object. [C:/Users/student/Desktop/lab4/ceng2010_lab4_q1/ceng2010_lab4_q1.srcs/constrs_1/imports/lab4/basys3_lab02-05.xdc:96]
Resolution: If [get_<value>] was used to populate the object, check to make sure this command returns at least one valid object.
WARNING: [Vivado 12-584] No ports matched 'seg[1]'. [C:/Users/student/Desktop/lab4/ceng2010_lab4_q1/ceng2010_lab4_q1.srcs/constrs_1/imports/lab4/basys3_lab02-05.xdc:97]
CRITICAL WARNING: [Common 17-55] 'set_property' expects at least one object. [C:/Users/student/Desktop/lab4/ceng2010_lab4_q1/ceng2010_lab4_q1.srcs/constrs_1/imports/lab4/basys3_lab02-05.xdc:97]
Resolution: If [get_<value>] was used to populate the object, check to make sure this command returns at least one valid object.
WARNING: [Vivado 12-584] No ports matched 'seg[2]'. [C:/Users/student/Desktop/lab4/ceng2010_lab4_q1/ceng2010_lab4_q1.srcs/constrs_1/imports/lab4/basys3_lab02-05.xdc:98]
CRITICAL WARNING: [Common 17-55] 'set_property' expects at least one object. [C:/Users/student/Desktop/lab4/ceng2010_lab4_q1/ceng2010_lab4_q1.srcs/constrs_1/imports/lab4/basys3_lab02-05.xdc:98]
Resolution: If [get_<value>] was used to populate the object, check to make sure this command returns at least one valid object.
WARNING: [Vivado 12-584] No ports matched 'seg[2]'. [C:/Users/student/Desktop/lab4/ceng2010_lab4_q1/ceng2010_lab4_q1.srcs/constrs_1/imports/lab4/basys3_lab02-05.xdc:99]
CRITICAL WARNING: [Common 17-55] 'set_property' expects at least one object. [C:/Users/student/Desktop/lab4/ceng2010_lab4_q1/ceng2010_lab4_q1.srcs/constrs_1/imports/lab4/basys3_lab02-05.xdc:99]
Resolution: If [get_<value>] was used to populate the object, check to make sure this command returns at least one valid object.
WARNING: [Vivado 12-584] No ports matched 'seg[3]'. [C:/Users/student/Desktop/lab4/ceng2010_lab4_q1/ceng2010_lab4_q1.srcs/constrs_1/imports/lab4/basys3_lab02-05.xdc:100]
CRITICAL WARNING: [Common 17-55] 'set_property' expects at least one object. [C:/Users/student/Desktop/lab4/ceng2010_lab4_q1/ceng2010_lab4_q1.srcs/constrs_1/imports/lab4/basys3_lab02-05.xdc:100]
Resolution: If [get_<value>] was used to populate the object, check to make sure this command returns at least one valid object.
WARNING: [Vivado 12-584] No ports matched 'seg[3]'. [C:/Users/student/Desktop/lab4/ceng2010_lab4_q1/ceng2010_lab4_q1.srcs/constrs_1/imports/lab4/basys3_lab02-05.xdc:101]
CRITICAL WARNING: [Common 17-55] 'set_property' expects at least one object. [C:/Users/student/Desktop/lab4/ceng2010_lab4_q1/ceng2010_lab4_q1.srcs/constrs_1/imports/lab4/basys3_lab02-05.xdc:101]
Resolution: If [get_<value>] was used to populate the object, check to make sure this command returns at least one valid object.
WARNING: [Vivado 12-584] No ports matched 'seg[4]'. [C:/Users/student/Desktop/lab4/ceng2010_lab4_q1/ceng2010_lab4_q1.srcs/constrs_1/imports/lab4/basys3_lab02-05.xdc:102]
CRITICAL WARNING: [Common 17-55] 'set_property' expects at least one object. [C:/Users/student/Desktop/lab4/ceng2010_lab4_q1/ceng2010_lab4_q1.srcs/constrs_1/imports/lab4/basys3_lab02-05.xdc:102]
Resolution: If [get_<value>] was used to populate the object, check to make sure this command returns at least one valid object.
WARNING: [Vivado 12-584] No ports matched 'seg[4]'. [C:/Users/student/Desktop/lab4/ceng2010_lab4_q1/ceng2010_lab4_q1.srcs/constrs_1/imports/lab4/basys3_lab02-05.xdc:103]
CRITICAL WARNING: [Common 17-55] 'set_property' expects at least one object. [C:/Users/student/Desktop/lab4/ceng2010_lab4_q1/ceng2010_lab4_q1.srcs/constrs_1/imports/lab4/basys3_lab02-05.xdc:103]
Resolution: If [get_<value>] was used to populate the object, check to make sure this command returns at least one valid object.
WARNING: [Vivado 12-584] No ports matched 'seg[5]'. [C:/Users/student/Desktop/lab4/ceng2010_lab4_q1/ceng2010_lab4_q1.srcs/constrs_1/imports/lab4/basys3_lab02-05.xdc:104]
CRITICAL WARNING: [Common 17-55] 'set_property' expects at least one object. [C:/Users/student/Desktop/lab4/ceng2010_lab4_q1/ceng2010_lab4_q1.srcs/constrs_1/imports/lab4/basys3_lab02-05.xdc:104]
Resolution: If [get_<value>] was used to populate the object, check to make sure this command returns at least one valid object.
WARNING: [Vivado 12-584] No ports matched 'seg[5]'. [C:/Users/student/Desktop/lab4/ceng2010_lab4_q1/ceng2010_lab4_q1.srcs/constrs_1/imports/lab4/basys3_lab02-05.xdc:105]
CRITICAL WARNING: [Common 17-55] 'set_property' expects at least one object. [C:/Users/student/Desktop/lab4/ceng2010_lab4_q1/ceng2010_lab4_q1.srcs/constrs_1/imports/lab4/basys3_lab02-05.xdc:105]
Resolution: If [get_<value>] was used to populate the object, check to make sure this command returns at least one valid object.
WARNING: [Vivado 12-584] No ports matched 'seg[6]'. [C:/Users/student/Desktop/lab4/ceng2010_lab4_q1/ceng2010_lab4_q1.srcs/constrs_1/imports/lab4/basys3_lab02-05.xdc:106]
CRITICAL WARNING: [Common 17-55] 'set_property' expects at least one object. [C:/Users/student/Desktop/lab4/ceng2010_lab4_q1/ceng2010_lab4_q1.srcs/constrs_1/imports/lab4/basys3_lab02-05.xdc:106]
Resolution: If [get_<value>] was used to populate the object, check to make sure this command returns at least one valid object.
WARNING: [Vivado 12-584] No ports matched 'seg[6]'. [C:/Users/student/Desktop/lab4/ceng2010_lab4_q1/ceng2010_lab4_q1.srcs/constrs_1/imports/lab4/basys3_lab02-05.xdc:107]
CRITICAL WARNING: [Common 17-55] 'set_property' expects at least one object. [C:/Users/student/Desktop/lab4/ceng2010_lab4_q1/ceng2010_lab4_q1.srcs/constrs_1/imports/lab4/basys3_lab02-05.xdc:107]
Resolution: If [get_<value>] was used to populate the object, check to make sure this command returns at least one valid object.
WARNING: [Vivado 12-584] No ports matched 'dp'. [C:/Users/student/Desktop/lab4/ceng2010_lab4_q1/ceng2010_lab4_q1.srcs/constrs_1/imports/lab4/basys3_lab02-05.xdc:109]
CRITICAL WARNING: [Common 17-55] 'set_property' expects at least one object. [C:/Users/student/Desktop/lab4/ceng2010_lab4_q1/ceng2010_lab4_q1.srcs/constrs_1/imports/lab4/basys3_lab02-05.xdc:109]
Resolution: If [get_<value>] was used to populate the object, check to make sure this command returns at least one valid object.
WARNING: [Vivado 12-584] No ports matched 'dp'. [C:/Users/student/Desktop/lab4/ceng2010_lab4_q1/ceng2010_lab4_q1.srcs/constrs_1/imports/lab4/basys3_lab02-05.xdc:110]
CRITICAL WARNING: [Common 17-55] 'set_property' expects at least one object. [C:/Users/student/Desktop/lab4/ceng2010_lab4_q1/ceng2010_lab4_q1.srcs/constrs_1/imports/lab4/basys3_lab02-05.xdc:110]
Resolution: If [get_<value>] was used to populate the object, check to make sure this command returns at least one valid object.
WARNING: [Vivado 12-584] No ports matched 'an[0]'. [C:/Users/student/Desktop/lab4/ceng2010_lab4_q1/ceng2010_lab4_q1.srcs/constrs_1/imports/lab4/basys3_lab02-05.xdc:112]
CRITICAL WARNING: [Common 17-55] 'set_property' expects at least one object. [C:/Users/student/Desktop/lab4/ceng2010_lab4_q1/ceng2010_lab4_q1.srcs/constrs_1/imports/lab4/basys3_lab02-05.xdc:112]
Resolution: If [get_<value>] was used to populate the object, check to make sure this command returns at least one valid object.
WARNING: [Vivado 12-584] No ports matched 'an[0]'. [C:/Users/student/Desktop/lab4/ceng2010_lab4_q1/ceng2010_lab4_q1.srcs/constrs_1/imports/lab4/basys3_lab02-05.xdc:113]
CRITICAL WARNING: [Common 17-55] 'set_property' expects at least one object. [C:/Users/student/Desktop/lab4/ceng2010_lab4_q1/ceng2010_lab4_q1.srcs/constrs_1/imports/lab4/basys3_lab02-05.xdc:113]
Resolution: If [get_<value>] was used to populate the object, check to make sure this command returns at least one valid object.
WARNING: [Vivado 12-584] No ports matched 'an[1]'. [C:/Users/student/Desktop/lab4/ceng2010_lab4_q1/ceng2010_lab4_q1.srcs/constrs_1/imports/lab4/basys3_lab02-05.xdc:114]
CRITICAL WARNING: [Common 17-55] 'set_property' expects at least one object. [C:/Users/student/Desktop/lab4/ceng2010_lab4_q1/ceng2010_lab4_q1.srcs/constrs_1/imports/lab4/basys3_lab02-05.xdc:114]
Resolution: If [get_<value>] was used to populate the object, check to make sure this command returns at least one valid object.
WARNING: [Vivado 12-584] No ports matched 'an[1]'. [C:/Users/student/Desktop/lab4/ceng2010_lab4_q1/ceng2010_lab4_q1.srcs/constrs_1/imports/lab4/basys3_lab02-05.xdc:115]
CRITICAL WARNING: [Common 17-55] 'set_property' expects at least one object. [C:/Users/student/Desktop/lab4/ceng2010_lab4_q1/ceng2010_lab4_q1.srcs/constrs_1/imports/lab4/basys3_lab02-05.xdc:115]
Resolution: If [get_<value>] was used to populate the object, check to make sure this command returns at least one valid object.
WARNING: [Vivado 12-584] No ports matched 'an[2]'. [C:/Users/student/Desktop/lab4/ceng2010_lab4_q1/ceng2010_lab4_q1.srcs/constrs_1/imports/lab4/basys3_lab02-05.xdc:116]
CRITICAL WARNING: [Common 17-55] 'set_property' expects at least one object. [C:/Users/student/Desktop/lab4/ceng2010_lab4_q1/ceng2010_lab4_q1.srcs/constrs_1/imports/lab4/basys3_lab02-05.xdc:116]
Resolution: If [get_<value>] was used to populate the object, check to make sure this command returns at least one valid object.
WARNING: [Vivado 12-584] No ports matched 'an[2]'. [C:/Users/student/Desktop/lab4/ceng2010_lab4_q1/ceng2010_lab4_q1.srcs/constrs_1/imports/lab4/basys3_lab02-05.xdc:117]
CRITICAL WARNING: [Common 17-55] 'set_property' expects at least one object. [C:/Users/student/Desktop/lab4/ceng2010_lab4_q1/ceng2010_lab4_q1.srcs/constrs_1/imports/lab4/basys3_lab02-05.xdc:117]
Resolution: If [get_<value>] was used to populate the object, check to make sure this command returns at least one valid object.
WARNING: [Vivado 12-584] No ports matched 'an[3]'. [C:/Users/student/Desktop/lab4/ceng2010_lab4_q1/ceng2010_lab4_q1.srcs/constrs_1/imports/lab4/basys3_lab02-05.xdc:118]
CRITICAL WARNING: [Common 17-55] 'set_property' expects at least one object. [C:/Users/student/Desktop/lab4/ceng2010_lab4_q1/ceng2010_lab4_q1.srcs/constrs_1/imports/lab4/basys3_lab02-05.xdc:118]
Resolution: If [get_<value>] was used to populate the object, check to make sure this command returns at least one valid object.
WARNING: [Vivado 12-584] No ports matched 'an[3]'. [C:/Users/student/Desktop/lab4/ceng2010_lab4_q1/ceng2010_lab4_q1.srcs/constrs_1/imports/lab4/basys3_lab02-05.xdc:119]
CRITICAL WARNING: [Common 17-55] 'set_property' expects at least one object. [C:/Users/student/Desktop/lab4/ceng2010_lab4_q1/ceng2010_lab4_q1.srcs/constrs_1/imports/lab4/basys3_lab02-05.xdc:119]
Resolution: If [get_<value>] was used to populate the object, check to make sure this command returns at least one valid object.
Finished Parsing XDC File [C:/Users/student/Desktop/lab4/ceng2010_lab4_q1/ceng2010_lab4_q1.srcs/constrs_1/imports/lab4/basys3_lab02-05.xdc]
INFO: [Project 1-236] Implementation specific constraints were found while reading constraint file [C:/Users/student/Desktop/lab4/ceng2010_lab4_q1/ceng2010_lab4_q1.srcs/constrs_1/imports/lab4/basys3_lab02-05.xdc]. These constraints will be ignored for synthesis but will be used in implementation. Impacted constraints are listed in the file [.Xil/q1_propImpl.xdc].
Resolution: To avoid this warning, move constraints listed in [.Xil/q1_propImpl.xdc] to another XDC file and exclude this new file from synthesis with the used_in_synthesis property (File Properties dialog in GUI) and re-run elaboration/synthesis.
Completed Processing XDC Constraints

INFO: [Project 1-111] Unisim Transformation Summary:
No Unisim elements were transformed.

Constraint Validation Runtime : Time (s): cpu = 00:00:00 ; elapsed = 00:00:00 . Memory (MB): peak = 600.527 ; gain = 0.000
---------------------------------------------------------------------------------
Finished Constraint Validation : Time (s): cpu = 00:00:12 ; elapsed = 00:00:14 . Memory (MB): peak = 600.527 ; gain = 390.430
---------------------------------------------------------------------------------
---------------------------------------------------------------------------------
Start Loading Part and Timing Information
---------------------------------------------------------------------------------
Loading part: xc7a35ticpg236-1L
---------------------------------------------------------------------------------
Finished Loading Part and Timing Information : Time (s): cpu = 00:00:12 ; elapsed = 00:00:14 . Memory (MB): peak = 600.527 ; gain = 390.430
---------------------------------------------------------------------------------
---------------------------------------------------------------------------------
Start Applying 'set_property' XDC Constraints
---------------------------------------------------------------------------------
---------------------------------------------------------------------------------
Finished applying 'set_property' XDC Constraints : Time (s): cpu = 00:00:12 ; elapsed = 00:00:14 . Memory (MB): peak = 600.527 ; gain = 390.430
---------------------------------------------------------------------------------
WARNING: [Synth 8-327] inferring latch for variable 'led_reg' [C:/Users/student/Desktop/lab4/ceng2010_lab4_q1/ceng2010_lab4_q1.srcs/sources_1/new/q1.vhd:89]
---------------------------------------------------------------------------------
Finished RTL Optimization Phase 2 : Time (s): cpu = 00:00:12 ; elapsed = 00:00:14 . Memory (MB): peak = 600.527 ; gain = 390.430
---------------------------------------------------------------------------------

Report RTL Partitions: 
+-+--------------+------------+----------+
| |RTL Partition |Replication |Instances |
+-+--------------+------------+----------+
+-+--------------+------------+----------+
---------------------------------------------------------------------------------
Start RTL Component Statistics 
---------------------------------------------------------------------------------
Detailed RTL Component Info : 
+---Registers : 
	                2 Bit    Registers := 1     
+---Muxes : 
	   2 Input      8 Bit        Muxes := 1     
	   4 Input      8 Bit        Muxes := 1     
	   3 Input      8 Bit        Muxes := 1     
	   6 Input      2 Bit        Muxes := 1     
	   2 Input      1 Bit        Muxes := 1     
---------------------------------------------------------------------------------
Finished RTL Component Statistics 
---------------------------------------------------------------------------------
---------------------------------------------------------------------------------
Start RTL Hierarchical Component Statistics 
---------------------------------------------------------------------------------
Hierarchical RTL Component report 
Module q1 
Detailed RTL Component Info : 
+---Registers : 
	                2 Bit    Registers := 1     
+---Muxes : 
	   2 Input      8 Bit        Muxes := 1     
	   4 Input      8 Bit        Muxes := 1     
	   3 Input      8 Bit        Muxes := 1     
	   6 Input      2 Bit        Muxes := 1     
	   2 Input      1 Bit        Muxes := 1     
---------------------------------------------------------------------------------
Finished RTL Hierarchical Component Statistics
---------------------------------------------------------------------------------
---------------------------------------------------------------------------------
Start Part Resource Summary
---------------------------------------------------------------------------------
Part Resources:
DSPs: 90 (col length:60)
BRAMs: 100 (col length: RAMB18 60 RAMB36 30)
---------------------------------------------------------------------------------
Finished Part Resource Summary
---------------------------------------------------------------------------------
---------------------------------------------------------------------------------
Start Cross Boundary and Area Optimization
---------------------------------------------------------------------------------
WARNING: [Synth 8-3331] design q1 has unconnected port led[4]
WARNING: [Synth 8-3331] design q1 has unconnected port led[3]
WARNING: [Synth 8-3331] design q1 has unconnected port led[2]
WARNING: [Synth 8-3331] design q1 has unconnected port led[1]
---------------------------------------------------------------------------------
Finished Cross Boundary and Area Optimization : Time (s): cpu = 00:00:12 ; elapsed = 00:00:14 . Memory (MB): peak = 600.527 ; gain = 390.430
---------------------------------------------------------------------------------

Report RTL Partitions: 
+-+--------------+------------+----------+
| |RTL Partition |Replication |Instances |
+-+--------------+------------+----------+
+-+--------------+------------+----------+
---------------------------------------------------------------------------------
Start Timing Optimization
---------------------------------------------------------------------------------
---------------------------------------------------------------------------------
Start Applying XDC Timing Constraints
---------------------------------------------------------------------------------
---------------------------------------------------------------------------------
Finished Applying XDC Timing Constraints : Time (s): cpu = 00:00:19 ; elapsed = 00:00:22 . Memory (MB): peak = 604.262 ; gain = 394.164
---------------------------------------------------------------------------------
---------------------------------------------------------------------------------
Finished Timing Optimization : Time (s): cpu = 00:00:19 ; elapsed = 00:00:22 . Memory (MB): peak = 604.262 ; gain = 394.164
---------------------------------------------------------------------------------

Report RTL Partitions: 
+-+--------------+------------+----------+
| |RTL Partition |Replication |Instances |
+-+--------------+------------+----------+
+-+--------------+------------+----------+
---------------------------------------------------------------------------------
Start Technology Mapping
---------------------------------------------------------------------------------
---------------------------------------------------------------------------------
Finished Technology Mapping : Time (s): cpu = 00:00:20 ; elapsed = 00:00:22 . Memory (MB): peak = 623.621 ; gain = 413.523
---------------------------------------------------------------------------------

Report RTL Partitions: 
+-+--------------+------------+----------+
| |RTL Partition |Replication |Instances |
+-+--------------+------------+----------+
+-+--------------+------------+----------+
---------------------------------------------------------------------------------
Start IO Insertion
---------------------------------------------------------------------------------
---------------------------------------------------------------------------------
Start Flattening Before IO Insertion
---------------------------------------------------------------------------------
---------------------------------------------------------------------------------
Finished Flattening Before IO Insertion
---------------------------------------------------------------------------------
---------------------------------------------------------------------------------
Start Final Netlist Cleanup
---------------------------------------------------------------------------------
---------------------------------------------------------------------------------
Finished Final Netlist Cleanup
---------------------------------------------------------------------------------
---------------------------------------------------------------------------------
Finished IO Insertion : Time (s): cpu = 00:00:20 ; elapsed = 00:00:23 . Memory (MB): peak = 623.621 ; gain = 413.523
---------------------------------------------------------------------------------

Report Check Netlist: 
+------+------------------+-------+---------+-------+------------------+
|      |Item              |Errors |Warnings |Status |Description       |
+------+------------------+-------+---------+-------+------------------+
|1     |multi_driven_nets |      0|        0|Passed |Multi driven nets |
+------+------------------+-------+---------+-------+------------------+
---------------------------------------------------------------------------------
Start Renaming Generated Instances
---------------------------------------------------------------------------------
---------------------------------------------------------------------------------
Finished Renaming Generated Instances : Time (s): cpu = 00:00:20 ; elapsed = 00:00:23 . Memory (MB): peak = 623.621 ; gain = 413.523
---------------------------------------------------------------------------------

Report RTL Partitions: 
+-+--------------+------------+----------+
| |RTL Partition |Replication |Instances |
+-+--------------+------------+----------+
+-+--------------+------------+----------+
---------------------------------------------------------------------------------
Start Rebuilding User Hierarchy
---------------------------------------------------------------------------------
---------------------------------------------------------------------------------
Finished Rebuilding User Hierarchy : Time (s): cpu = 00:00:20 ; elapsed = 00:00:23 . Memory (MB): peak = 623.621 ; gain = 413.523
---------------------------------------------------------------------------------
---------------------------------------------------------------------------------
Start Renaming Generated Ports
---------------------------------------------------------------------------------
---------------------------------------------------------------------------------
Finished Renaming Generated Ports : Time (s): cpu = 00:00:20 ; elapsed = 00:00:23 . Memory (MB): peak = 623.621 ; gain = 413.523
---------------------------------------------------------------------------------
---------------------------------------------------------------------------------
Start Handling Custom Attributes
---------------------------------------------------------------------------------
---------------------------------------------------------------------------------
Finished Handling Custom Attributes : Time (s): cpu = 00:00:20 ; elapsed = 00:00:23 . Memory (MB): peak = 623.621 ; gain = 413.523
---------------------------------------------------------------------------------
---------------------------------------------------------------------------------
Start Renaming Generated Nets
---------------------------------------------------------------------------------
---------------------------------------------------------------------------------
Finished Renaming Generated Nets : Time (s): cpu = 00:00:20 ; elapsed = 00:00:23 . Memory (MB): peak = 623.621 ; gain = 413.523
---------------------------------------------------------------------------------
---------------------------------------------------------------------------------
Start Writing Synthesis Report
---------------------------------------------------------------------------------

Report BlackBoxes: 
+-+--------------+----------+
| |BlackBox name |Instances |
+-+--------------+----------+
+-+--------------+----------+

Report Cell Usage: 
+------+------+------+
|      |Cell  |Count |
+------+------+------+
|1     |BUFG  |     1|
|2     |LUT2  |     4|
|3     |LUT3  |     3|
|4     |FDCE  |     2|
|5     |LD    |     4|
|6     |IBUF  |     3|
|7     |OBUF  |     4|
|8     |OBUFT |     4|
+------+------+------+

Report Instance Areas: 
+------+---------+-------+------+
|      |Instance |Module |Cells |
+------+---------+-------+------+
|1     |top      |       |    25|
+------+---------+-------+------+
---------------------------------------------------------------------------------
Finished Writing Synthesis Report : Time (s): cpu = 00:00:20 ; elapsed = 00:00:23 . Memory (MB): peak = 623.621 ; gain = 413.523
---------------------------------------------------------------------------------
Synthesis finished with 0 errors, 0 critical warnings and 5 warnings.
Synthesis Optimization Runtime : Time (s): cpu = 00:00:11 ; elapsed = 00:00:14 . Memory (MB): peak = 623.621 ; gain = 135.148
Synthesis Optimization Complete : Time (s): cpu = 00:00:20 ; elapsed = 00:00:23 . Memory (MB): peak = 623.621 ; gain = 413.523
INFO: [Project 1-571] Translating synthesized netlist
INFO: [Netlist 29-17] Analyzing 7 Unisim elements for replacement
INFO: [Netlist 29-28] Unisim Transformation completed in 0 CPU seconds
INFO: [Project 1-570] Preparing netlist for logic optimization
INFO: [Opt 31-138] Pushed 0 inverter(s) to 0 load pin(s).
INFO: [Project 1-111] Unisim Transformation Summary:
  A total of 4 instances were transformed.
  LD => LDCE: 4 instances

INFO: [Common 17-83] Releasing license: Synthesis
15 Infos, 50 Warnings, 46 Critical Warnings and 0 Errors encountered.
synth_design completed successfully
synth_design: Time (s): cpu = 00:00:19 ; elapsed = 00:00:19 . Memory (MB): peak = 627.367 ; gain = 389.070
INFO: [Common 17-1381] The checkpoint 'C:/Users/student/Desktop/lab4/ceng2010_lab4_q1/ceng2010_lab4_q1.runs/synth_1/q1.dcp' has been generated.
report_utilization: Time (s): cpu = 00:00:00 ; elapsed = 00:00:00 . Memory (MB): peak = 627.367 ; gain = 0.000
INFO: [Common 17-206] Exiting Vivado at Mon Oct 10 17:22:17 2022...
