
*** Running vivado
    with args -log q1.vds -m64 -product Vivado -mode batch -messageDb vivado.pb -notrace -source q1.tcl


****** Vivado v2016.3 (64-bit)
  **** SW Build 1682563 on Mon Oct 10 19:07:27 MDT 2016
  **** IP Build 1681267 on Mon Oct 10 21:28:31 MDT 2016
    ** Copyright 1986-2016 Xilinx, Inc. All Rights Reserved.

source q1.tcl -notrace
Command: synth_design -top q1 -part xc7a35ticpg236-1L
Starting synth_design
Attempting to get a license for feature 'Synthesis' and/or device 'xc7a35ti'
INFO: [Common 17-349] Got license for feature 'Synthesis' and/or device 'xc7a35ti'
INFO: Launching helper process for spawning children vivado processes
INFO: Helper process launched with PID 8616 
---------------------------------------------------------------------------------
Starting RTL Elaboration : Time (s): cpu = 00:00:05 ; elapsed = 00:00:07 . Memory (MB): peak = 320.738 ; gain = 110.641
---------------------------------------------------------------------------------
INFO: [Synth 8-638] synthesizing module 'q1' [C:/Users/student/Desktop/lab3/ceng2010_lab3_q1/ceng2010_lab3_q1.srcs/sources_1/new/q1.vhd:41]
INFO: [Synth 8-256] done synthesizing module 'q1' (1#1) [C:/Users/student/Desktop/lab3/ceng2010_lab3_q1/ceng2010_lab3_q1.srcs/sources_1/new/q1.vhd:41]
---------------------------------------------------------------------------------
Finished RTL Elaboration : Time (s): cpu = 00:00:06 ; elapsed = 00:00:08 . Memory (MB): peak = 358.023 ; gain = 147.926
---------------------------------------------------------------------------------

Report Check Netlist: 
+------+------------------+-------+---------+-------+------------------+
|      |Item              |Errors |Warnings |Status |Description       |
+------+------------------+-------+---------+-------+------------------+
|1     |multi_driven_nets |      0|        0|Passed |Multi driven nets |
+------+------------------+-------+---------+-------+------------------+
---------------------------------------------------------------------------------
Finished RTL Optimization Phase 1 : Time (s): cpu = 00:00:06 ; elapsed = 00:00:08 . Memory (MB): peak = 358.023 ; gain = 147.926
---------------------------------------------------------------------------------
INFO: [Device 21-403] Loading part xc7a35ticpg236-1L
INFO: [Project 1-570] Preparing netlist for logic optimization

Processing XDC Constraints
Initializing timing engine
Parsing XDC File [C:/Users/student/Desktop/lab3/ceng2010_lab3_q1/ceng2010_lab3_q1.srcs/constrs_1/imports/lab3/basys3_lab02-05.xdc]
CRITICAL WARNING: [Netlist 29-177] Cannot set property 'BITSTREAM.General.UnconstraintedPins' because the property does not exist. [C:/Users/student/Desktop/lab3/ceng2010_lab3_q1/ceng2010_lab3_q1.srcs/constrs_1/imports/lab3/basys3_lab02-05.xdc:12]
Resolution: Create this property using create_property command before setting it.
WARNING: [Vivado 12-507] No nets matched 'led_OBUF[0]'. [C:/Users/student/Desktop/lab3/ceng2010_lab3_q1/ceng2010_lab3_q1.srcs/constrs_1/imports/lab3/basys3_lab02-05.xdc:14]
CRITICAL WARNING: [Common 17-55] 'set_property' expects at least one object. [C:/Users/student/Desktop/lab3/ceng2010_lab3_q1/ceng2010_lab3_q1.srcs/constrs_1/imports/lab3/basys3_lab02-05.xdc:14]
Resolution: If [get_<value>] was used to populate the object, check to make sure this command returns at least one valid object.
WARNING: [Vivado 12-507] No nets matched 'led_OBUF[1]'. [C:/Users/student/Desktop/lab3/ceng2010_lab3_q1/ceng2010_lab3_q1.srcs/constrs_1/imports/lab3/basys3_lab02-05.xdc:15]
CRITICAL WARNING: [Common 17-55] 'set_property' expects at least one object. [C:/Users/student/Desktop/lab3/ceng2010_lab3_q1/ceng2010_lab3_q1.srcs/constrs_1/imports/lab3/basys3_lab02-05.xdc:15]
Resolution: If [get_<value>] was used to populate the object, check to make sure this command returns at least one valid object.
WARNING: [Vivado 12-507] No nets matched 'btnC_IBUF'. [C:/Users/student/Desktop/lab3/ceng2010_lab3_q1/ceng2010_lab3_q1.srcs/constrs_1/imports/lab3/basys3_lab02-05.xdc:17]
CRITICAL WARNING: [Common 17-55] 'set_property' expects at least one object. [C:/Users/student/Desktop/lab3/ceng2010_lab3_q1/ceng2010_lab3_q1.srcs/constrs_1/imports/lab3/basys3_lab02-05.xdc:17]
Resolution: If [get_<value>] was used to populate the object, check to make sure this command returns at least one valid object.
WARNING: [Vivado 12-507] No nets matched 'sw_IBUF[0]'. [C:/Users/student/Desktop/lab3/ceng2010_lab3_q1/ceng2010_lab3_q1.srcs/constrs_1/imports/lab3/basys3_lab02-05.xdc:18]
CRITICAL WARNING: [Common 17-55] 'set_property' expects at least one object. [C:/Users/student/Desktop/lab3/ceng2010_lab3_q1/ceng2010_lab3_q1.srcs/constrs_1/imports/lab3/basys3_lab02-05.xdc:18]
Resolution: If [get_<value>] was used to populate the object, check to make sure this command returns at least one valid object.
WARNING: [Vivado 12-507] No nets matched 'sw_IBUF[1]'. [C:/Users/student/Desktop/lab3/ceng2010_lab3_q1/ceng2010_lab3_q1.srcs/constrs_1/imports/lab3/basys3_lab02-05.xdc:19]
CRITICAL WARNING: [Common 17-55] 'set_property' expects at least one object. [C:/Users/student/Desktop/lab3/ceng2010_lab3_q1/ceng2010_lab3_q1.srcs/constrs_1/imports/lab3/basys3_lab02-05.xdc:19]
Resolution: If [get_<value>] was used to populate the object, check to make sure this command returns at least one valid object.
WARNING: [Vivado 12-507] No nets matched 'sw_IBUF[2]'. [C:/Users/student/Desktop/lab3/ceng2010_lab3_q1/ceng2010_lab3_q1.srcs/constrs_1/imports/lab3/basys3_lab02-05.xdc:20]
CRITICAL WARNING: [Common 17-55] 'set_property' expects at least one object. [C:/Users/student/Desktop/lab3/ceng2010_lab3_q1/ceng2010_lab3_q1.srcs/constrs_1/imports/lab3/basys3_lab02-05.xdc:20]
Resolution: If [get_<value>] was used to populate the object, check to make sure this command returns at least one valid object.
WARNING: [Vivado 12-507] No nets matched 'sw_IBUF[3]'. [C:/Users/student/Desktop/lab3/ceng2010_lab3_q1/ceng2010_lab3_q1.srcs/constrs_1/imports/lab3/basys3_lab02-05.xdc:21]
CRITICAL WARNING: [Common 17-55] 'set_property' expects at least one object. [C:/Users/student/Desktop/lab3/ceng2010_lab3_q1/ceng2010_lab3_q1.srcs/constrs_1/imports/lab3/basys3_lab02-05.xdc:21]
Resolution: If [get_<value>] was used to populate the object, check to make sure this command returns at least one valid object.
WARNING: [Vivado 12-584] No ports matched 'sw[7]'. [C:/Users/student/Desktop/lab3/ceng2010_lab3_q1/ceng2010_lab3_q1.srcs/constrs_1/imports/lab3/basys3_lab02-05.xdc:38]
CRITICAL WARNING: [Common 17-55] 'set_property' expects at least one object. [C:/Users/student/Desktop/lab3/ceng2010_lab3_q1/ceng2010_lab3_q1.srcs/constrs_1/imports/lab3/basys3_lab02-05.xdc:38]
Resolution: If [get_<value>] was used to populate the object, check to make sure this command returns at least one valid object.
WARNING: [Vivado 12-584] No ports matched 'sw[7]'. [C:/Users/student/Desktop/lab3/ceng2010_lab3_q1/ceng2010_lab3_q1.srcs/constrs_1/imports/lab3/basys3_lab02-05.xdc:39]
CRITICAL WARNING: [Common 17-55] 'set_property' expects at least one object. [C:/Users/student/Desktop/lab3/ceng2010_lab3_q1/ceng2010_lab3_q1.srcs/constrs_1/imports/lab3/basys3_lab02-05.xdc:39]
Resolution: If [get_<value>] was used to populate the object, check to make sure this command returns at least one valid object.
WARNING: [Vivado 12-584] No ports matched 'led[0]'. [C:/Users/student/Desktop/lab3/ceng2010_lab3_q1/ceng2010_lab3_q1.srcs/constrs_1/imports/lab3/basys3_lab02-05.xdc:59]
CRITICAL WARNING: [Common 17-55] 'set_property' expects at least one object. [C:/Users/student/Desktop/lab3/ceng2010_lab3_q1/ceng2010_lab3_q1.srcs/constrs_1/imports/lab3/basys3_lab02-05.xdc:59]
Resolution: If [get_<value>] was used to populate the object, check to make sure this command returns at least one valid object.
WARNING: [Vivado 12-584] No ports matched 'led[0]'. [C:/Users/student/Desktop/lab3/ceng2010_lab3_q1/ceng2010_lab3_q1.srcs/constrs_1/imports/lab3/basys3_lab02-05.xdc:60]
CRITICAL WARNING: [Common 17-55] 'set_property' expects at least one object. [C:/Users/student/Desktop/lab3/ceng2010_lab3_q1/ceng2010_lab3_q1.srcs/constrs_1/imports/lab3/basys3_lab02-05.xdc:60]
Resolution: If [get_<value>] was used to populate the object, check to make sure this command returns at least one valid object.
WARNING: [Vivado 12-584] No ports matched 'led[1]'. [C:/Users/student/Desktop/lab3/ceng2010_lab3_q1/ceng2010_lab3_q1.srcs/constrs_1/imports/lab3/basys3_lab02-05.xdc:61]
CRITICAL WARNING: [Common 17-55] 'set_property' expects at least one object. [C:/Users/student/Desktop/lab3/ceng2010_lab3_q1/ceng2010_lab3_q1.srcs/constrs_1/imports/lab3/basys3_lab02-05.xdc:61]
Resolution: If [get_<value>] was used to populate the object, check to make sure this command returns at least one valid object.
WARNING: [Vivado 12-584] No ports matched 'led[1]'. [C:/Users/student/Desktop/lab3/ceng2010_lab3_q1/ceng2010_lab3_q1.srcs/constrs_1/imports/lab3/basys3_lab02-05.xdc:62]
CRITICAL WARNING: [Common 17-55] 'set_property' expects at least one object. [C:/Users/student/Desktop/lab3/ceng2010_lab3_q1/ceng2010_lab3_q1.srcs/constrs_1/imports/lab3/basys3_lab02-05.xdc:62]
Resolution: If [get_<value>] was used to populate the object, check to make sure this command returns at least one valid object.
WARNING: [Vivado 12-584] No ports matched 'led[2]'. [C:/Users/student/Desktop/lab3/ceng2010_lab3_q1/ceng2010_lab3_q1.srcs/constrs_1/imports/lab3/basys3_lab02-05.xdc:63]
CRITICAL WARNING: [Common 17-55] 'set_property' expects at least one object. [C:/Users/student/Desktop/lab3/ceng2010_lab3_q1/ceng2010_lab3_q1.srcs/constrs_1/imports/lab3/basys3_lab02-05.xdc:63]
Resolution: If [get_<value>] was used to populate the object, check to make sure this command returns at least one valid object.
WARNING: [Vivado 12-584] No ports matched 'led[2]'. [C:/Users/student/Desktop/lab3/ceng2010_lab3_q1/ceng2010_lab3_q1.srcs/constrs_1/imports/lab3/basys3_lab02-05.xdc:64]
CRITICAL WARNING: [Common 17-55] 'set_property' expects at least one object. [C:/Users/student/Desktop/lab3/ceng2010_lab3_q1/ceng2010_lab3_q1.srcs/constrs_1/imports/lab3/basys3_lab02-05.xdc:64]
Resolution: If [get_<value>] was used to populate the object, check to make sure this command returns at least one valid object.
WARNING: [Vivado 12-584] No ports matched 'led[3]'. [C:/Users/student/Desktop/lab3/ceng2010_lab3_q1/ceng2010_lab3_q1.srcs/constrs_1/imports/lab3/basys3_lab02-05.xdc:65]
CRITICAL WARNING: [Common 17-55] 'set_property' expects at least one object. [C:/Users/student/Desktop/lab3/ceng2010_lab3_q1/ceng2010_lab3_q1.srcs/constrs_1/imports/lab3/basys3_lab02-05.xdc:65]
Resolution: If [get_<value>] was used to populate the object, check to make sure this command returns at least one valid object.
WARNING: [Vivado 12-584] No ports matched 'led[3]'. [C:/Users/student/Desktop/lab3/ceng2010_lab3_q1/ceng2010_lab3_q1.srcs/constrs_1/imports/lab3/basys3_lab02-05.xdc:66]
CRITICAL WARNING: [Common 17-55] 'set_property' expects at least one object. [C:/Users/student/Desktop/lab3/ceng2010_lab3_q1/ceng2010_lab3_q1.srcs/constrs_1/imports/lab3/basys3_lab02-05.xdc:66]
Resolution: If [get_<value>] was used to populate the object, check to make sure this command returns at least one valid object.
WARNING: [Vivado 12-584] No ports matched 'led[4]'. [C:/Users/student/Desktop/lab3/ceng2010_lab3_q1/ceng2010_lab3_q1.srcs/constrs_1/imports/lab3/basys3_lab02-05.xdc:67]
CRITICAL WARNING: [Common 17-55] 'set_property' expects at least one object. [C:/Users/student/Desktop/lab3/ceng2010_lab3_q1/ceng2010_lab3_q1.srcs/constrs_1/imports/lab3/basys3_lab02-05.xdc:67]
Resolution: If [get_<value>] was used to populate the object, check to make sure this command returns at least one valid object.
WARNING: [Vivado 12-584] No ports matched 'led[4]'. [C:/Users/student/Desktop/lab3/ceng2010_lab3_q1/ceng2010_lab3_q1.srcs/constrs_1/imports/lab3/basys3_lab02-05.xdc:68]
CRITICAL WARNING: [Common 17-55] 'set_property' expects at least one object. [C:/Users/student/Desktop/lab3/ceng2010_lab3_q1/ceng2010_lab3_q1.srcs/constrs_1/imports/lab3/basys3_lab02-05.xdc:68]
Resolution: If [get_<value>] was used to populate the object, check to make sure this command returns at least one valid object.
WARNING: [Vivado 12-584] No ports matched 'led[5]'. [C:/Users/student/Desktop/lab3/ceng2010_lab3_q1/ceng2010_lab3_q1.srcs/constrs_1/imports/lab3/basys3_lab02-05.xdc:69]
CRITICAL WARNING: [Common 17-55] 'set_property' expects at least one object. [C:/Users/student/Desktop/lab3/ceng2010_lab3_q1/ceng2010_lab3_q1.srcs/constrs_1/imports/lab3/basys3_lab02-05.xdc:69]
Resolution: If [get_<value>] was used to populate the object, check to make sure this command returns at least one valid object.
WARNING: [Vivado 12-584] No ports matched 'led[5]'. [C:/Users/student/Desktop/lab3/ceng2010_lab3_q1/ceng2010_lab3_q1.srcs/constrs_1/imports/lab3/basys3_lab02-05.xdc:70]
CRITICAL WARNING: [Common 17-55] 'set_property' expects at least one object. [C:/Users/student/Desktop/lab3/ceng2010_lab3_q1/ceng2010_lab3_q1.srcs/constrs_1/imports/lab3/basys3_lab02-05.xdc:70]
Resolution: If [get_<value>] was used to populate the object, check to make sure this command returns at least one valid object.
WARNING: [Vivado 12-584] No ports matched 'led[6]'. [C:/Users/student/Desktop/lab3/ceng2010_lab3_q1/ceng2010_lab3_q1.srcs/constrs_1/imports/lab3/basys3_lab02-05.xdc:71]
CRITICAL WARNING: [Common 17-55] 'set_property' expects at least one object. [C:/Users/student/Desktop/lab3/ceng2010_lab3_q1/ceng2010_lab3_q1.srcs/constrs_1/imports/lab3/basys3_lab02-05.xdc:71]
Resolution: If [get_<value>] was used to populate the object, check to make sure this command returns at least one valid object.
WARNING: [Vivado 12-584] No ports matched 'led[6]'. [C:/Users/student/Desktop/lab3/ceng2010_lab3_q1/ceng2010_lab3_q1.srcs/constrs_1/imports/lab3/basys3_lab02-05.xdc:72]
CRITICAL WARNING: [Common 17-55] 'set_property' expects at least one object. [C:/Users/student/Desktop/lab3/ceng2010_lab3_q1/ceng2010_lab3_q1.srcs/constrs_1/imports/lab3/basys3_lab02-05.xdc:72]
Resolution: If [get_<value>] was used to populate the object, check to make sure this command returns at least one valid object.
WARNING: [Vivado 12-584] No ports matched 'led[7]'. [C:/Users/student/Desktop/lab3/ceng2010_lab3_q1/ceng2010_lab3_q1.srcs/constrs_1/imports/lab3/basys3_lab02-05.xdc:73]
CRITICAL WARNING: [Common 17-55] 'set_property' expects at least one object. [C:/Users/student/Desktop/lab3/ceng2010_lab3_q1/ceng2010_lab3_q1.srcs/constrs_1/imports/lab3/basys3_lab02-05.xdc:73]
Resolution: If [get_<value>] was used to populate the object, check to make sure this command returns at least one valid object.
WARNING: [Vivado 12-584] No ports matched 'led[7]'. [C:/Users/student/Desktop/lab3/ceng2010_lab3_q1/ceng2010_lab3_q1.srcs/constrs_1/imports/lab3/basys3_lab02-05.xdc:74]
CRITICAL WARNING: [Common 17-55] 'set_property' expects at least one object. [C:/Users/student/Desktop/lab3/ceng2010_lab3_q1/ceng2010_lab3_q1.srcs/constrs_1/imports/lab3/basys3_lab02-05.xdc:74]
Resolution: If [get_<value>] was used to populate the object, check to make sure this command returns at least one valid object.
WARNING: [Vivado 12-584] No ports matched 'dp'. [C:/Users/student/Desktop/lab3/ceng2010_lab3_q1/ceng2010_lab3_q1.srcs/constrs_1/imports/lab3/basys3_lab02-05.xdc:109]
CRITICAL WARNING: [Common 17-55] 'set_property' expects at least one object. [C:/Users/student/Desktop/lab3/ceng2010_lab3_q1/ceng2010_lab3_q1.srcs/constrs_1/imports/lab3/basys3_lab02-05.xdc:109]
Resolution: If [get_<value>] was used to populate the object, check to make sure this command returns at least one valid object.
WARNING: [Vivado 12-584] No ports matched 'dp'. [C:/Users/student/Desktop/lab3/ceng2010_lab3_q1/ceng2010_lab3_q1.srcs/constrs_1/imports/lab3/basys3_lab02-05.xdc:110]
CRITICAL WARNING: [Common 17-55] 'set_property' expects at least one object. [C:/Users/student/Desktop/lab3/ceng2010_lab3_q1/ceng2010_lab3_q1.srcs/constrs_1/imports/lab3/basys3_lab02-05.xdc:110]
Resolution: If [get_<value>] was used to populate the object, check to make sure this command returns at least one valid object.
WARNING: [Vivado 12-584] No ports matched 'btnD'. [C:/Users/student/Desktop/lab3/ceng2010_lab3_q1/ceng2010_lab3_q1.srcs/constrs_1/imports/lab3/basys3_lab02-05.xdc:131]
CRITICAL WARNING: [Common 17-55] 'set_property' expects at least one object. [C:/Users/student/Desktop/lab3/ceng2010_lab3_q1/ceng2010_lab3_q1.srcs/constrs_1/imports/lab3/basys3_lab02-05.xdc:131]
Resolution: If [get_<value>] was used to populate the object, check to make sure this command returns at least one valid object.
WARNING: [Vivado 12-584] No ports matched 'btnD'. [C:/Users/student/Desktop/lab3/ceng2010_lab3_q1/ceng2010_lab3_q1.srcs/constrs_1/imports/lab3/basys3_lab02-05.xdc:132]
CRITICAL WARNING: [Common 17-55] 'set_property' expects at least one object. [C:/Users/student/Desktop/lab3/ceng2010_lab3_q1/ceng2010_lab3_q1.srcs/constrs_1/imports/lab3/basys3_lab02-05.xdc:132]
Resolution: If [get_<value>] was used to populate the object, check to make sure this command returns at least one valid object.
Finished Parsing XDC File [C:/Users/student/Desktop/lab3/ceng2010_lab3_q1/ceng2010_lab3_q1.srcs/constrs_1/imports/lab3/basys3_lab02-05.xdc]
INFO: [Project 1-236] Implementation specific constraints were found while reading constraint file [C:/Users/student/Desktop/lab3/ceng2010_lab3_q1/ceng2010_lab3_q1.srcs/constrs_1/imports/lab3/basys3_lab02-05.xdc]. These constraints will be ignored for synthesis but will be used in implementation. Impacted constraints are listed in the file [.Xil/q1_propImpl.xdc].
Resolution: To avoid this warning, move constraints listed in [.Xil/q1_propImpl.xdc] to another XDC file and exclude this new file from synthesis with the used_in_synthesis property (File Properties dialog in GUI) and re-run elaboration/synthesis.
Completed Processing XDC Constraints

INFO: [Project 1-111] Unisim Transformation Summary:
No Unisim elements were transformed.

Constraint Validation Runtime : Time (s): cpu = 00:00:00 ; elapsed = 00:00:00.002 . Memory (MB): peak = 588.477 ; gain = 0.000
---------------------------------------------------------------------------------
Finished Constraint Validation : Time (s): cpu = 00:00:12 ; elapsed = 00:00:15 . Memory (MB): peak = 588.477 ; gain = 378.379
---------------------------------------------------------------------------------
---------------------------------------------------------------------------------
Start Loading Part and Timing Information
---------------------------------------------------------------------------------
Loading part: xc7a35ticpg236-1L
---------------------------------------------------------------------------------
Finished Loading Part and Timing Information : Time (s): cpu = 00:00:12 ; elapsed = 00:00:15 . Memory (MB): peak = 588.477 ; gain = 378.379
---------------------------------------------------------------------------------
---------------------------------------------------------------------------------
Start Applying 'set_property' XDC Constraints
---------------------------------------------------------------------------------
---------------------------------------------------------------------------------
Finished applying 'set_property' XDC Constraints : Time (s): cpu = 00:00:12 ; elapsed = 00:00:15 . Memory (MB): peak = 588.477 ; gain = 378.379
---------------------------------------------------------------------------------
---------------------------------------------------------------------------------
Finished RTL Optimization Phase 2 : Time (s): cpu = 00:00:12 ; elapsed = 00:00:15 . Memory (MB): peak = 588.477 ; gain = 378.379
---------------------------------------------------------------------------------

Report RTL Partitions: 
+-+--------------+------------+----------+
| |RTL Partition |Replication |Instances |
+-+--------------+------------+----------+
+-+--------------+------------+----------+
---------------------------------------------------------------------------------
Start RTL Component Statistics 
---------------------------------------------------------------------------------
Detailed RTL Component Info : 
---------------------------------------------------------------------------------
Finished RTL Component Statistics 
---------------------------------------------------------------------------------
---------------------------------------------------------------------------------
Start RTL Hierarchical Component Statistics 
---------------------------------------------------------------------------------
Hierarchical RTL Component report 
---------------------------------------------------------------------------------
Finished RTL Hierarchical Component Statistics
---------------------------------------------------------------------------------
---------------------------------------------------------------------------------
Start Part Resource Summary
---------------------------------------------------------------------------------
Part Resources:
DSPs: 90 (col length:60)
BRAMs: 100 (col length: RAMB18 60 RAMB36 30)
---------------------------------------------------------------------------------
Finished Part Resource Summary
---------------------------------------------------------------------------------
---------------------------------------------------------------------------------
Start Cross Boundary and Area Optimization
---------------------------------------------------------------------------------
INFO: [Synth 8-3886] merging instance 'an_reg[0]' (FDS_1) to 'an_reg[1]'
INFO: [Synth 8-3886] merging instance 'an_reg[2]' (FDR_1) to 'an_reg[3]'
---------------------------------------------------------------------------------
Finished Cross Boundary and Area Optimization : Time (s): cpu = 00:00:12 ; elapsed = 00:00:15 . Memory (MB): peak = 588.477 ; gain = 378.379
---------------------------------------------------------------------------------

Report RTL Partitions: 
+-+--------------+------------+----------+
| |RTL Partition |Replication |Instances |
+-+--------------+------------+----------+
+-+--------------+------------+----------+
---------------------------------------------------------------------------------
Start Timing Optimization
---------------------------------------------------------------------------------
---------------------------------------------------------------------------------
Start Applying XDC Timing Constraints
---------------------------------------------------------------------------------
---------------------------------------------------------------------------------
Finished Applying XDC Timing Constraints : Time (s): cpu = 00:00:20 ; elapsed = 00:00:23 . Memory (MB): peak = 603.527 ; gain = 393.430
---------------------------------------------------------------------------------
---------------------------------------------------------------------------------
Finished Timing Optimization : Time (s): cpu = 00:00:20 ; elapsed = 00:00:23 . Memory (MB): peak = 603.527 ; gain = 393.430
---------------------------------------------------------------------------------

Report RTL Partitions: 
+-+--------------+------------+----------+
| |RTL Partition |Replication |Instances |
+-+--------------+------------+----------+
+-+--------------+------------+----------+
---------------------------------------------------------------------------------
Start Technology Mapping
---------------------------------------------------------------------------------
---------------------------------------------------------------------------------
Finished Technology Mapping : Time (s): cpu = 00:00:20 ; elapsed = 00:00:23 . Memory (MB): peak = 622.945 ; gain = 412.848
---------------------------------------------------------------------------------

Report RTL Partitions: 
+-+--------------+------------+----------+
| |RTL Partition |Replication |Instances |
+-+--------------+------------+----------+
+-+--------------+------------+----------+
---------------------------------------------------------------------------------
Start IO Insertion
---------------------------------------------------------------------------------
---------------------------------------------------------------------------------
Start Flattening Before IO Insertion
---------------------------------------------------------------------------------
---------------------------------------------------------------------------------
Finished Flattening Before IO Insertion
---------------------------------------------------------------------------------
---------------------------------------------------------------------------------
Start Final Netlist Cleanup
---------------------------------------------------------------------------------
---------------------------------------------------------------------------------
Finished Final Netlist Cleanup
---------------------------------------------------------------------------------
---------------------------------------------------------------------------------
Finished IO Insertion : Time (s): cpu = 00:00:20 ; elapsed = 00:00:24 . Memory (MB): peak = 622.945 ; gain = 412.848
---------------------------------------------------------------------------------

Report Check Netlist: 
+------+------------------+-------+---------+-------+------------------+
|      |Item              |Errors |Warnings |Status |Description       |
+------+------------------+-------+---------+-------+------------------+
|1     |multi_driven_nets |      0|        0|Passed |Multi driven nets |
+------+------------------+-------+---------+-------+------------------+
---------------------------------------------------------------------------------
Start Renaming Generated Instances
---------------------------------------------------------------------------------
---------------------------------------------------------------------------------
Finished Renaming Generated Instances : Time (s): cpu = 00:00:20 ; elapsed = 00:00:24 . Memory (MB): peak = 622.945 ; gain = 412.848
---------------------------------------------------------------------------------

Report RTL Partitions: 
+-+--------------+------------+----------+
| |RTL Partition |Replication |Instances |
+-+--------------+------------+----------+
+-+--------------+------------+----------+
---------------------------------------------------------------------------------
Start Rebuilding User Hierarchy
---------------------------------------------------------------------------------
---------------------------------------------------------------------------------
Finished Rebuilding User Hierarchy : Time (s): cpu = 00:00:20 ; elapsed = 00:00:24 . Memory (MB): peak = 622.945 ; gain = 412.848
---------------------------------------------------------------------------------
---------------------------------------------------------------------------------
Start Renaming Generated Ports
---------------------------------------------------------------------------------
---------------------------------------------------------------------------------
Finished Renaming Generated Ports : Time (s): cpu = 00:00:20 ; elapsed = 00:00:24 . Memory (MB): peak = 622.945 ; gain = 412.848
---------------------------------------------------------------------------------
---------------------------------------------------------------------------------
Start Handling Custom Attributes
---------------------------------------------------------------------------------
---------------------------------------------------------------------------------
Finished Handling Custom Attributes : Time (s): cpu = 00:00:20 ; elapsed = 00:00:24 . Memory (MB): peak = 622.945 ; gain = 412.848
---------------------------------------------------------------------------------
---------------------------------------------------------------------------------
Start Renaming Generated Nets
---------------------------------------------------------------------------------
---------------------------------------------------------------------------------
Finished Renaming Generated Nets : Time (s): cpu = 00:00:20 ; elapsed = 00:00:24 . Memory (MB): peak = 622.945 ; gain = 412.848
---------------------------------------------------------------------------------
---------------------------------------------------------------------------------
Start Writing Synthesis Report
---------------------------------------------------------------------------------

Report BlackBoxes: 
+-+--------------+----------+
| |BlackBox name |Instances |
+-+--------------+----------+
+-+--------------+----------+

Report Cell Usage: 
+------+-----+------+
|      |Cell |Count |
+------+-----+------+
|1     |BUFG |     1|
|2     |LUT1 |     9|
|3     |FDRE |     3|
|4     |IBUF |     8|
|5     |OBUF |    11|
+------+-----+------+

Report Instance Areas: 
+------+---------+-------+------+
|      |Instance |Module |Cells |
+------+---------+-------+------+
|1     |top      |       |    32|
+------+---------+-------+------+
---------------------------------------------------------------------------------
Finished Writing Synthesis Report : Time (s): cpu = 00:00:20 ; elapsed = 00:00:24 . Memory (MB): peak = 622.945 ; gain = 412.848
---------------------------------------------------------------------------------
Synthesis finished with 0 errors, 0 critical warnings and 0 warnings.
Synthesis Optimization Runtime : Time (s): cpu = 00:00:12 ; elapsed = 00:00:15 . Memory (MB): peak = 622.945 ; gain = 145.832
Synthesis Optimization Complete : Time (s): cpu = 00:00:21 ; elapsed = 00:00:24 . Memory (MB): peak = 622.945 ; gain = 412.848
INFO: [Project 1-571] Translating synthesized netlist
INFO: [Netlist 29-17] Analyzing 8 Unisim elements for replacement
INFO: [Netlist 29-28] Unisim Transformation completed in 0 CPU seconds
INFO: [Project 1-570] Preparing netlist for logic optimization
INFO: [Opt 31-138] Pushed 0 inverter(s) to 0 load pin(s).
INFO: [Project 1-111] Unisim Transformation Summary:
No Unisim elements were transformed.

INFO: [Common 17-83] Releasing license: Synthesis
17 Infos, 29 Warnings, 30 Critical Warnings and 0 Errors encountered.
synth_design completed successfully
synth_design: Time (s): cpu = 00:00:19 ; elapsed = 00:00:20 . Memory (MB): peak = 626.934 ; gain = 388.570
INFO: [Common 17-1381] The checkpoint 'C:/Users/student/Desktop/lab3/ceng2010_lab3_q1/ceng2010_lab3_q1.runs/synth_1/q1.dcp' has been generated.
report_utilization: Time (s): cpu = 00:00:00 ; elapsed = 00:00:00 . Memory (MB): peak = 626.934 ; gain = 0.000
INFO: [Common 17-206] Exiting Vivado at Mon Oct 03 17:23:02 2022...
