Copyright 1986-2022 Xilinx, Inc. All Rights Reserved.
--------------------------------------------------------------------------------------------------------------------------------------------
| Tool Version : Vivado v.2022.1 (win64) Build 3526262 Mon Apr 18 15:48:16 MDT 2022
| Date         : Sat Sep 17 15:00:24 2022
| Host         : DESKTOP-7MQ3KNQ running 64-bit major release  (build 9200)
| Command      : report_methodology -file q3_methodology_drc_routed.rpt -pb q3_methodology_drc_routed.pb -rpx q3_methodology_drc_routed.rpx
| Design       : q3
| Device       : xc7a35ticpg236-1L
| Speed File   : -1L
| Design State : Fully Routed
--------------------------------------------------------------------------------------------------------------------------------------------

Report Methodology

Table of Contents
-----------------
1. REPORT SUMMARY
2. REPORT DETAILS

1. REPORT SUMMARY
-----------------
            Netlist: netlist
          Floorplan: design_1
      Design limits: <entire design considered>
             Max violations: <unlimited>
             Violations found: 0
+------+----------+-------------+------------+
| Rule | Severity | Description | Violations |
+------+----------+-------------+------------+
+------+----------+-------------+------------+

2. REPORT DETAILS
-----------------

