Copyright 1986-2022 Xilinx, Inc. All Rights Reserved.
---------------------------------------------------------------------------------------------------------------------------------------------------------------------------------------------------
| Tool Version : Vivado v.2022.1 (win64) Build 3526262 Mon Apr 18 15:48:16 MDT 2022
| Date         : Mon Oct 17 20:43:14 2022
| Host         : DESKTOP-7MQ3KNQ running 64-bit major release  (build 9200)
| Command      : report_timing_summary -max_paths 10 -report_unconstrained -file q2_timing_summary_routed.rpt -pb q2_timing_summary_routed.pb -rpx q2_timing_summary_routed.rpx -warn_on_violation
| Design       : q2
| Device       : 7a35ti-cpg236
| Speed File   : -1L  PRODUCTION 1.23 2018-06-13
---------------------------------------------------------------------------------------------------------------------------------------------------------------------------------------------------

Timing Summary Report

------------------------------------------------------------------------------------------------
| Timer Settings
| --------------
------------------------------------------------------------------------------------------------

  Enable Multi Corner Analysis               :  Yes
  Enable Pessimism Removal                   :  Yes
  Pessimism Removal Resolution               :  Nearest Common Node
  Enable Input Delay Default Clock           :  No
  Enable Preset / Clear Arcs                 :  No
  Disable Flight Delays                      :  No
  Ignore I/O Paths                           :  No
  Timing Early Launch at Borrowing Latches   :  No
  Borrow Time for Max Delay Exceptions       :  Yes
  Merge Timing Exceptions                    :  Yes

  Corner  Analyze    Analyze    
  Name    Max Paths  Min Paths  
  ------  ---------  ---------  
  Slow    Yes        Yes        
  Fast    Yes        Yes        


------------------------------------------------------------------------------------------------
| Report Methodology
| ------------------
------------------------------------------------------------------------------------------------

Rule       Severity          Description                  Violations  
---------  ----------------  ---------------------------  ----------  
TIMING-17  Critical Warning  Non-clocked sequential cell  2           

Note: This report is based on the most recent report_methodology run and may not be up-to-date. Run report_methodology on the current design for the latest report.



check_timing report

Table of Contents
-----------------
1. checking no_clock (2)
2. checking constant_clock (0)
3. checking pulse_width_clock (0)
4. checking unconstrained_internal_endpoints (2)
5. checking no_input_delay (0)
6. checking no_output_delay (1)
7. checking multiple_clock (0)
8. checking generated_clocks (0)
9. checking loops (0)
10. checking partial_input_delay (0)
11. checking partial_output_delay (0)
12. checking latch_loops (0)

1. checking no_clock (2)
------------------------
 There are 2 register/latch pins with no clock driven by root clock pin: input (HIGH)


2. checking constant_clock (0)
------------------------------
 There are 0 register/latch pins with constant_clock.


3. checking pulse_width_clock (0)
---------------------------------
 There are 0 register/latch pins which need pulse_width check


4. checking unconstrained_internal_endpoints (2)
------------------------------------------------
 There are 2 pins that are not constrained for maximum delay. (HIGH)

 There are 0 pins that are not constrained for maximum delay due to constant clock.


5. checking no_input_delay (0)
------------------------------
 There are 0 input ports with no input delay specified.

 There are 0 input ports with no input delay but user has a false path constraint.


6. checking no_output_delay (1)
-------------------------------
 There is 1 port with no output delay specified. (HIGH)

 There are 0 ports with no output delay but user has a false path constraint

 There are 0 ports with no output delay but with a timing clock defined on it or propagating through it


7. checking multiple_clock (0)
------------------------------
 There are 0 register/latch pins with multiple clocks.


8. checking generated_clocks (0)
--------------------------------
 There are 0 generated clocks that are not connected to a clock source.


9. checking loops (0)
---------------------
 There are 0 combinational loops in the design.


10. checking partial_input_delay (0)
------------------------------------
 There are 0 input ports with partial input delay specified.


11. checking partial_output_delay (0)
-------------------------------------
 There are 0 ports with partial output delay specified.


12. checking latch_loops (0)
----------------------------
 There are 0 combinational latch loops in the design through latch input



------------------------------------------------------------------------------------------------
| Design Timing Summary
| ---------------------
------------------------------------------------------------------------------------------------

    WNS(ns)      TNS(ns)  TNS Failing Endpoints  TNS Total Endpoints      WHS(ns)      THS(ns)  THS Failing Endpoints  THS Total Endpoints     WPWS(ns)     TPWS(ns)  TPWS Failing Endpoints  TPWS Total Endpoints  
    -------      -------  ---------------------  -------------------      -------      -------  ---------------------  -------------------     --------     --------  ----------------------  --------------------  
        inf        0.000                      0                    3          inf        0.000                      0                    3           NA           NA                      NA                    NA  


There are no user specified timing constraints.


------------------------------------------------------------------------------------------------
| Clock Summary
| -------------
------------------------------------------------------------------------------------------------


------------------------------------------------------------------------------------------------
| Intra Clock Table
| -----------------
------------------------------------------------------------------------------------------------

Clock             WNS(ns)      TNS(ns)  TNS Failing Endpoints  TNS Total Endpoints      WHS(ns)      THS(ns)  THS Failing Endpoints  THS Total Endpoints     WPWS(ns)     TPWS(ns)  TPWS Failing Endpoints  TPWS Total Endpoints  
-----             -------      -------  ---------------------  -------------------      -------      -------  ---------------------  -------------------     --------     --------  ----------------------  --------------------  


------------------------------------------------------------------------------------------------
| Inter Clock Table
| -----------------
------------------------------------------------------------------------------------------------

From Clock    To Clock          WNS(ns)      TNS(ns)  TNS Failing Endpoints  TNS Total Endpoints      WHS(ns)      THS(ns)  THS Failing Endpoints  THS Total Endpoints  
----------    --------          -------      -------  ---------------------  -------------------      -------      -------  ---------------------  -------------------  


------------------------------------------------------------------------------------------------
| Other Path Groups Table
| -----------------------
------------------------------------------------------------------------------------------------

Path Group    From Clock    To Clock          WNS(ns)      TNS(ns)  TNS Failing Endpoints  TNS Total Endpoints      WHS(ns)      THS(ns)  THS Failing Endpoints  THS Total Endpoints  
----------    ----------    --------          -------      -------  ---------------------  -------------------      -------      -------  ---------------------  -------------------  


------------------------------------------------------------------------------------------------
| User Ignored Path Table
| -----------------------
------------------------------------------------------------------------------------------------

Path Group    From Clock    To Clock    
----------    ----------    --------    


------------------------------------------------------------------------------------------------
| Unconstrained Path Table
| ------------------------
------------------------------------------------------------------------------------------------

Path Group    From Clock    To Clock    
----------    ----------    --------    
(none)                                    


------------------------------------------------------------------------------------------------
| Timing Details
| --------------
------------------------------------------------------------------------------------------------


--------------------------------------------------------------------------------------
Path Group:  (none)
From Clock:  
  To Clock:  

Max Delay             3 Endpoints
Min Delay             3 Endpoints
--------------------------------------------------------------------------------------


Max Delay Paths
--------------------------------------------------------------------------------------
Slack:                    inf
  Source:                 df/led_reg[0]/C
                            (rising edge-triggered cell FDRE)
  Destination:            output[0]
                            (output port)
  Path Group:             (none)
  Path Type:              Max at Slow Process Corner
  Data Path Delay:        4.864ns  (logic 3.193ns (65.648%)  route 1.671ns (34.352%))
  Logic Levels:           2  (FDRE=1 OBUF=1)

    Location             Delay type                Incr(ns)  Path(ns)    Netlist Resource(s)
  -------------------------------------------------------------------    -------------------
    SLICE_X0Y0           FDRE                         0.000     0.000 r  df/led_reg[0]/C
    SLICE_X0Y0           FDRE (Prop_fdre_C_Q)         0.419     0.419 r  df/led_reg[0]/Q
                         net (fo=1, routed)           1.671     2.090    output_OBUF[0]
    U14                  OBUF (Prop_obuf_I_O)         2.774     4.864 r  output[0]_INST_0/O
                         net (fo=0)                   0.000     4.864    output[0]
    U14                                                               r  output[0] (OUT)
  -------------------------------------------------------------------    -------------------

Slack:                    inf
  Source:                 df/led_reg[1]/C
                            (rising edge-triggered cell FDRE)
  Destination:            df/led_reg[1]/D
  Path Group:             (none)
  Path Type:              Max at Slow Process Corner
  Data Path Delay:        1.100ns  (logic 0.580ns (52.703%)  route 0.520ns (47.297%))
  Logic Levels:           2  (FDRE=1 LUT1=1)

    Location             Delay type                Incr(ns)  Path(ns)    Netlist Resource(s)
  -------------------------------------------------------------------    -------------------
    SLICE_X0Y0           FDRE                         0.000     0.000 r  df/led_reg[1]/C
    SLICE_X0Y0           FDRE (Prop_fdre_C_Q)         0.456     0.456 f  df/led_reg[1]/Q
                         net (fo=2, routed)           0.520     0.976    df/p_0_in
    SLICE_X0Y0           LUT1 (Prop_lut1_I0_O)        0.124     1.100 r  df/led[1]_i_1/O
                         net (fo=1, routed)           0.000     1.100    df/p_1_out[1]
    SLICE_X0Y0           FDRE                                         r  df/led_reg[1]/D
  -------------------------------------------------------------------    -------------------

Slack:                    inf
  Source:                 df/led_reg[1]/C
                            (rising edge-triggered cell FDRE)
  Destination:            df/led_reg[0]/D
  Path Group:             (none)
  Path Type:              Max at Slow Process Corner
  Data Path Delay:        0.666ns  (logic 0.456ns (68.424%)  route 0.210ns (31.576%))
  Logic Levels:           1  (FDRE=1)

    Location             Delay type                Incr(ns)  Path(ns)    Netlist Resource(s)
  -------------------------------------------------------------------    -------------------
    SLICE_X0Y0           FDRE                         0.000     0.000 r  df/led_reg[1]/C
    SLICE_X0Y0           FDRE (Prop_fdre_C_Q)         0.456     0.456 r  df/led_reg[1]/Q
                         net (fo=2, routed)           0.210     0.666    df/p_0_in
    SLICE_X0Y0           FDRE                                         r  df/led_reg[0]/D
  -------------------------------------------------------------------    -------------------





Min Delay Paths
--------------------------------------------------------------------------------------
Slack:                    inf
  Source:                 df/led_reg[1]/C
                            (rising edge-triggered cell FDRE)
  Destination:            df/led_reg[0]/D
  Path Group:             (none)
  Path Type:              Min at Fast Process Corner
  Data Path Delay:        0.217ns  (logic 0.141ns (64.847%)  route 0.076ns (35.153%))
  Logic Levels:           1  (FDRE=1)

    Location             Delay type                Incr(ns)  Path(ns)    Netlist Resource(s)
  -------------------------------------------------------------------    -------------------
    SLICE_X0Y0           FDRE                         0.000     0.000 r  df/led_reg[1]/C
    SLICE_X0Y0           FDRE (Prop_fdre_C_Q)         0.141     0.141 r  df/led_reg[1]/Q
                         net (fo=2, routed)           0.076     0.217    df/p_0_in
    SLICE_X0Y0           FDRE                                         r  df/led_reg[0]/D
  -------------------------------------------------------------------    -------------------

Slack:                    inf
  Source:                 df/led_reg[1]/C
                            (rising edge-triggered cell FDRE)
  Destination:            df/led_reg[1]/D
  Path Group:             (none)
  Path Type:              Min at Fast Process Corner
  Data Path Delay:        0.369ns  (logic 0.186ns (50.339%)  route 0.183ns (49.661%))
  Logic Levels:           2  (FDRE=1 LUT1=1)

    Location             Delay type                Incr(ns)  Path(ns)    Netlist Resource(s)
  -------------------------------------------------------------------    -------------------
    SLICE_X0Y0           FDRE                         0.000     0.000 r  df/led_reg[1]/C
    SLICE_X0Y0           FDRE (Prop_fdre_C_Q)         0.141     0.141 f  df/led_reg[1]/Q
                         net (fo=2, routed)           0.183     0.324    df/p_0_in
    SLICE_X0Y0           LUT1 (Prop_lut1_I0_O)        0.045     0.369 r  df/led[1]_i_1/O
                         net (fo=1, routed)           0.000     0.369    df/p_1_out[1]
    SLICE_X0Y0           FDRE                                         r  df/led_reg[1]/D
  -------------------------------------------------------------------    -------------------

Slack:                    inf
  Source:                 df/led_reg[0]/C
                            (rising edge-triggered cell FDRE)
  Destination:            output[0]
                            (output port)
  Path Group:             (none)
  Path Type:              Min at Fast Process Corner
  Data Path Delay:        1.634ns  (logic 1.298ns (79.444%)  route 0.336ns (20.556%))
  Logic Levels:           2  (FDRE=1 OBUF=1)

    Location             Delay type                Incr(ns)  Path(ns)    Netlist Resource(s)
  -------------------------------------------------------------------    -------------------
    SLICE_X0Y0           FDRE                         0.000     0.000 r  df/led_reg[0]/C
    SLICE_X0Y0           FDRE (Prop_fdre_C_Q)         0.128     0.128 r  df/led_reg[0]/Q
                         net (fo=1, routed)           0.336     0.464    output_OBUF[0]
    U14                  OBUF (Prop_obuf_I_O)         1.170     1.634 r  output[0]_INST_0/O
                         net (fo=0)                   0.000     1.634    output[0]
    U14                                                               r  output[0] (OUT)
  -------------------------------------------------------------------    -------------------





